<?xml version="1.0" encoding="UTF-8"?>
<!-- Generated by org.testng.reporters.JUnitReportReporter -->
<testsuite hostname="DESKTOP-IUVV739" name="com.example.tests.GroupRemovalTests" tests="1" failures="0" timestamp="27 Oct 2015 08:50:24 GMT" time="3.275" errors="0">
  <testcase name="deleteSomeGroup" time="3.275" classname="com.example.tests.GroupRemovalTests"/>
</testsuite> <!-- com.example.tests.GroupRemovalTests -->
