<?xml version="1.0" encoding="UTF-8"?>
<!-- Generated by org.testng.reporters.JUnitReportReporter -->
<testsuite hostname="DESKTOP-IUVV739" name="com.example.tests.GroupModificationTests" tests="2" failures="0" timestamp="28 Oct 2015 10:50:08 GMT" time="10.041" errors="0">
  <testcase name="modifySomeGroup" time="4.930" classname="com.example.tests.GroupModificationTests"/>
  <testcase name="modifySomeGroup" time="5.111" classname="com.example.tests.GroupModificationTests"/>
</testsuite> <!-- com.example.tests.GroupModificationTests -->
