<?xml version="1.0" encoding="UTF-8"?>
<!-- Generated by org.testng.reporters.JUnitReportReporter -->
<testsuite hostname="DESKTOP-IUVV739" name="com.example.tests.GroupCreationTests" tests="1" failures="0" timestamp="2 Nov 2015 22:17:44 GMT" time="2.565" errors="0">
  <testcase name="testGroupCreationWithValidData" time="2.565" classname="com.example.tests.GroupCreationTests"/>
</testsuite> <!-- com.example.tests.GroupCreationTests -->
