<?xml version="1.0" encoding="UTF-8"?>
<!-- Generated by org.testng.reporters.JUnitReportReporter -->
<testsuite hostname="DESKTOP-IUVV739" name="com.example.tests.ContactRemovalTests" tests="1" failures="0" timestamp="21 Oct 2015 21:43:17 GMT" time="1.031" errors="0">
  <testcase name="deleteSomeContact" time="1.031" classname="com.example.tests.ContactRemovalTests"/>
</testsuite> <!-- com.example.tests.ContactRemovalTests -->
