<?xml version="1.0" encoding="UTF-8"?>
<!-- Generated by org.testng.reporters.JUnitReportReporter -->
<testsuite hostname="DESKTOP-IUVV739" name="com.example.tests.GroupRemovalTests" tests="1" failures="0" timestamp="1 Nov 2015 07:39:09 GMT" time="4.148" errors="0">
  <testcase name="deleteSomeGroup" time="4.148" classname="com.example.tests.GroupRemovalTests"/>
</testsuite> <!-- com.example.tests.GroupRemovalTests -->
