<?xml version="1.0" encoding="UTF-8"?>
<!-- Generated by org.testng.reporters.JUnitReportReporter -->
<testsuite hostname="DESKTOP-IUVV739" name="com.example.tests.GroupModificationTests" tests="1" failures="0" timestamp="21 Oct 2015 08:47:21 GMT" time="1.348" errors="0">
  <testcase name="modifySomeGroup" time="1.348" classname="com.example.tests.GroupModificationTests"/>
</testsuite> <!-- com.example.tests.GroupModificationTests -->
