<?xml version="1.0" encoding="UTF-8"?>
<!-- Generated by org.testng.reporters.JUnitReportReporter -->
<testsuite hostname="DESKTOP-IUVV739" name="com.example.tests.AlsoGroupCreationTests" tests="2" failures="0" timestamp="13 Oct 2015 11:21:36 GMT" time="2.991" errors="0">
  <testcase name="testEmptyGroupCreation" time="1.469" classname="com.example.tests.AlsoGroupCreationTests"/>
  <testcase name="testNonEmptyGroupCreation" time="1.522" classname="com.example.tests.AlsoGroupCreationTests"/>
</testsuite> <!-- com.example.tests.AlsoGroupCreationTests -->
