<?xml version="1.0" encoding="UTF-8"?>
<!-- Generated by org.testng.reporters.JUnitReportReporter -->
<testsuite hostname="DESKTOP-IUVV739" name="com.example.tests.ContactCreationTests" tests="5" failures="0" timestamp="29 Oct 2015 12:25:25 GMT" time="33.299" errors="0">
  <testcase name="testContactCreationwithValidData" time="6.534" classname="com.example.tests.ContactCreationTests"/>
  <testcase name="testContactCreationwithValidData" time="6.275" classname="com.example.tests.ContactCreationTests"/>
  <testcase name="testContactCreationwithValidData" time="6.551" classname="com.example.tests.ContactCreationTests"/>
  <testcase name="testContactCreationwithValidData" time="6.908" classname="com.example.tests.ContactCreationTests"/>
  <testcase name="testContactCreationwithValidData" time="7.031" classname="com.example.tests.ContactCreationTests"/>
</testsuite> <!-- com.example.tests.ContactCreationTests -->
