<?xml version="1.0" encoding="UTF-8"?>
<!-- Generated by org.testng.reporters.JUnitReportReporter -->
<testsuite hostname="DESKTOP-IUVV739" name="com.example.tests.ContactCreationTests" tests="1" failures="0" timestamp="9 Nov 2015 11:29:23 GMT" time="34.164" errors="0">
  <testcase name="testContactCreationwithValidData" time="34.164" classname="com.example.tests.ContactCreationTests"/>
</testsuite> <!-- com.example.tests.ContactCreationTests -->
