<?xml version="1.0" encoding="UTF-8"?>
<!-- Generated by org.testng.reporters.JUnitReportReporter -->
<testsuite hostname="DESKTOP-IUVV739" name="com.example.tests.ContactRemovalTests" tests="1" failures="1" timestamp="5 Nov 2015 09:48:09 GMT" time="373.545" errors="0">
  <testcase name="deleteSomeContact" time="373.545" classname="com.example.tests.ContactRemovalTests">
    <failure type="java.lang.AssertionError" message="
Expected: &lt;[ContactData [firstname=, lastname=, address=null, home=null, mobile=null, work=null, email=null, email2=null, bday=null, bmonth=null, byear=null, group=null, address2=null, phone2=null], ContactData [firstname=test1730340827, lastname=test1811075572, address=null, home=null, mobile=null, work=null, email=null, email2=null, bday=null, bmonth=null, byear=null, group=null, address2=null, phone2=null]]&gt;
     but: was &lt;[ContactData [firstname=, lastname=, address=null, home=null, mobile=null, work=null, email=null, email2=null, bday=null, bmonth=null, byear=null, group=null, address2=null, phone2=null], ContactData [firstname=test417384882, lastname=test-789709531, address=null, home=null, mobile=null, work=null, email=null, email2=null, bday=null, bmonth=null, byear=null, group=null, address2=null, phone2=null]]&gt;">
      <![CDATA[java.lang.AssertionError: 
Expected: <[ContactData [firstname=, lastname=, address=null, home=null, mobile=null, work=null, email=null, email2=null, bday=null, bmonth=null, byear=null, group=null, address2=null, phone2=null], ContactData [firstname=test1730340827, lastname=test1811075572, address=null, home=null, mobile=null, work=null, email=null, email2=null, bday=null, bmonth=null, byear=null, group=null, address2=null, phone2=null]]]]><![CDATA[>
     but: was <[ContactData [firstname=, lastname=, address=null, home=null, mobile=null, work=null, email=null, email2=null, bday=null, bmonth=null, byear=null, group=null, address2=null, phone2=null], ContactData [firstname=test417384882, lastname=test-789709531, address=null, home=null, mobile=null, work=null, email=null, email2=null, bday=null, bmonth=null, byear=null, group=null, address2=null, phone2=null]]]]><![CDATA[>
	at org.hamcrest.MatcherAssert.assertThat(MatcherAssert.java:20)
	at org.junit.Assert.assertThat(Assert.java:956)
	at org.junit.Assert.assertThat(Assert.java:923)
	at com.example.tests.ContactRemovalTests.deleteSomeContact(ContactRemovalTests.java:30)
	at sun.reflect.NativeMethodAccessorImpl.invoke0(Native Method)
	at sun.reflect.NativeMethodAccessorImpl.invoke(Unknown Source)
	at sun.reflect.DelegatingMethodAccessorImpl.invoke(Unknown Source)
	at java.lang.reflect.Method.invoke(Unknown Source)
	at org.testng.internal.MethodInvocationHelper.invokeMethod(MethodInvocationHelper.java:85)
	at org.testng.internal.Invoker.invokeMethod(Invoker.java:639)
	at org.testng.internal.Invoker.invokeTestMethod(Invoker.java:821)
	at org.testng.internal.Invoker.invokeTestMethods(Invoker.java:1131)
	at org.testng.internal.TestMethodWorker.invokeTestMethods(TestMethodWorker.java:124)
	at org.testng.internal.TestMethodWorker.run(TestMethodWorker.java:108)
	at org.testng.TestRunner.privateRun(TestRunner.java:773)
	at org.testng.TestRunner.run(TestRunner.java:623)
	at org.testng.SuiteRunner.runTest(SuiteRunner.java:357)
	at org.testng.SuiteRunner.runSequentially(SuiteRunner.java:352)
	at org.testng.SuiteRunner.privateRun(SuiteRunner.java:310)
	at org.testng.SuiteRunner.run(SuiteRunner.java:259)
	at org.testng.SuiteRunnerWorker.runSuite(SuiteRunnerWorker.java:52)
	at org.testng.SuiteRunnerWorker.run(SuiteRunnerWorker.java:86)
	at org.testng.TestNG.runSuitesSequentially(TestNG.java:1185)
	at org.testng.TestNG.runSuitesLocally(TestNG.java:1110)
	at org.testng.TestNG.run(TestNG.java:1018)
	at org.testng.remote.RemoteTestNG.run(RemoteTestNG.java:111)
	at org.testng.remote.RemoteTestNG.initAndRun(RemoteTestNG.java:204)
	at org.testng.remote.RemoteTestNG.main(RemoteTestNG.java:175)
]]>
    </failure>
  </testcase> <!-- deleteSomeContact -->
</testsuite> <!-- com.example.tests.ContactRemovalTests -->
