<?xml version="1.0" encoding="UTF-8"?>
<!-- Generated by org.testng.reporters.JUnitReportReporter -->
<testsuite hostname="DESKTOP-IUVV739" name="com.example.tests.GroupModificationTests" tests="1" failures="0" timestamp="2 Nov 2015 22:18:50 GMT" time="2.488" errors="0">
  <testcase name="modifySomeGroup" time="2.488" classname="com.example.tests.GroupModificationTests"/>
</testsuite> <!-- com.example.tests.GroupModificationTests -->
