<?xml version="1.0" encoding="UTF-8"?>
<!-- Generated by org.testng.reporters.JUnitReportReporter -->
<testsuite hostname="DESKTOP-IUVV739" name="com.example.tests.GroupRemovalTests" tests="1" failures="0" timestamp="21 Oct 2015 08:47:21 GMT" time="1.016" errors="0">
  <testcase name="deleteSomeGroup" time="1.016" classname="com.example.tests.GroupRemovalTests"/>
</testsuite> <!-- com.example.tests.GroupRemovalTests -->
