<?xml version="1.0" encoding="UTF-8"?>
<!-- Generated by org.testng.reporters.JUnitReportReporter -->
<testsuite hostname="DESKTOP-IUVV739" name="com.example.tests.GroupCreationTests" tests="2" failures="0" timestamp="21 Oct 2015 08:47:21 GMT" time="2.827" errors="0">
  <testcase name="testNonEmptyGroupCreation" time="1.496" classname="com.example.tests.GroupCreationTests"/>
  <testcase name="testEmptyGroupCreation" time="1.331" classname="com.example.tests.GroupCreationTests"/>
</testsuite> <!-- com.example.tests.GroupCreationTests -->
