<?xml version="1.0" encoding="UTF-8"?>
<!-- Generated by org.testng.reporters.JUnitReportReporter -->
<testsuite hostname="DESKTOP-IUVV739" name="com.example.tests.ContactRemovalTests" tests="1" failures="0" timestamp="28 Oct 2015 10:49:40 GMT" time="2.740" errors="0">
  <testcase name="deleteSomeContact" time="2.740" classname="com.example.tests.ContactRemovalTests"/>
</testsuite> <!-- com.example.tests.ContactRemovalTests -->
