<?xml version="1.0" encoding="UTF-8"?>
<!-- Generated by org.testng.reporters.JUnitReportReporter -->
<testsuite hostname="DESKTOP-IUVV739" name="com.example.tests.GroupCreationTests" tests="2" failures="0" timestamp="12 Nov 2015 11:47:48 GMT" time="22.018" errors="0">
  <testcase name="testGroupCreationWithValidData" time="8.651" classname="com.example.tests.GroupCreationTests"/>
  <testcase name="testGroupCreationWithValidData" time="13.367" classname="com.example.tests.GroupCreationTests"/>
</testsuite> <!-- com.example.tests.GroupCreationTests -->
