<?xml version="1.0" encoding="UTF-8"?>
<!-- Generated by org.testng.reporters.JUnitReportReporter -->
<testsuite hostname="DESKTOP-IUVV739" name="com.example.tests.ContactModificationTests" tests="1" failures="0" timestamp="21 Oct 2015 21:43:17 GMT" time="1.266" errors="0">
  <testcase name="modifySomeContact" time="1.266" classname="com.example.tests.ContactModificationTests"/>
</testsuite> <!-- com.example.tests.ContactModificationTests -->
