<?xml version="1.0" encoding="UTF-8"?>
<!-- Generated by org.testng.reporters.JUnitReportReporter -->
<testsuite hostname="DESKTOP-IUVV739" name="com.example.tests.ContactRemovalTests" tests="1" failures="0" timestamp="9 Nov 2015 12:30:51 GMT" time="1.961" errors="0">
  <testcase name="deleteSomeContact" time="1.961" classname="com.example.tests.ContactRemovalTests"/>
</testsuite> <!-- com.example.tests.ContactRemovalTests -->
