<?xml version="1.0" encoding="UTF-8"?>
<!-- Generated by org.testng.reporters.JUnitReportReporter -->
<testsuite hostname="DESKTOP-IUVV739" name="com.example.tests.ContactModificationTests" tests="1" failures="0" timestamp="9 Nov 2015 12:32:12 GMT" time="64.149" errors="0">
  <testcase name="modifySomeContact" time="64.149" classname="com.example.tests.ContactModificationTests"/>
</testsuite> <!-- com.example.tests.ContactModificationTests -->
