<?xml version="1.0" encoding="UTF-8"?>
<!-- Generated by org.testng.reporters.JUnitReportReporter -->
<testsuite hostname="DESKTOP-IUVV739" name="com.example.tests.ContactCreationTests" tests="3" failures="0" timestamp="12 Nov 2015 12:25:02 GMT" time="14.170" errors="0">
  <testcase name="testContactCreationWithValidData" time="4.151" classname="com.example.tests.ContactCreationTests"/>
  <testcase name="testContactCreationWithValidData" time="6.007" classname="com.example.tests.ContactCreationTests"/>
  <testcase name="testContactCreationWithValidData" time="4.012" classname="com.example.tests.ContactCreationTests"/>
</testsuite> <!-- com.example.tests.ContactCreationTests -->
