<?xml version="1.0" encoding="UTF-8"?>
<!-- Generated by org.testng.reporters.JUnitReportReporter -->
<testsuite hostname="DESKTOP-IUVV739" name="com.example.tests.ContactCreationTests" tests="3" failures="0" timestamp="5 Nov 2015 09:35:11 GMT" time="39.887" errors="0">
  <testcase name="testContactCreationwithValidData" time="33.878" classname="com.example.tests.ContactCreationTests"/>
  <testcase name="testContactCreationwithValidData" time="3.248" classname="com.example.tests.ContactCreationTests"/>
  <testcase name="testContactCreationwithValidData" time="2.761" classname="com.example.tests.ContactCreationTests"/>
</testsuite> <!-- com.example.tests.ContactCreationTests -->
